<?xml version="1.0" encoding="UTF-8"?>
<testsuite xmlns:xsi="http://www.w3.org/2001/XMLSchema-instance" xsi:noNamespaceSchemaLocation="https://maven.apache.org/surefire/maven-surefire-plugin/xsd/surefire-test-report-3.0.xsd" version="3.0" name="xyz.kryptografia.rsa.UnsignedBigIntTests" time="0.436" tests="5" errors="0" skipped="0" failures="0">
  <properties>
[...]
</properties>
  <testcase name="subTest" classname="xyz.kryptografia.rsa.UnsignedBigIntTests" time="0.046"/>
  <testcase name="mulitTest" classname="xyz.kryptografia.rsa.UnsignedBigIntTests" time="0.288"/>
  <testcase name="addTest" classname="xyz.kryptografia.rsa.UnsignedBigIntTests" time="0.007"/>
  <testcase name="mulitIntTest" classname="xyz.kryptografia.rsa.UnsignedBigIntTests" time="0.079"/>
  <testcase name="modTest" classname="xyz.kryptografia.rsa.UnsignedBigIntTests" time="0.001"/>
</testsuite>